[2022-01-09 01:29:48] =>  Procurando herois para trabalhar
[2022-01-09 01:29:57] =>  0 Barras verdes detectadas
[2022-01-09 01:29:57] =>  0 Botoes detectados
[2022-01-12 09:12:31] =>  Procurando herois para trabalhar
[2022-01-12 09:12:40] =>  0 Barras verdes detectadas
[2022-01-12 09:12:41] =>  5 Botoes detectados
[2022-01-12 09:12:46] =>  0 Barras verdes detectadas
[2022-01-12 09:12:47] =>  4 Botoes detectados
[2022-01-12 09:16:18] =>  Procurando herois para trabalhar
[2022-01-12 09:17:35] =>  Procurando herois para trabalhar
[2022-01-12 09:18:10] =>  Procurando herois para trabalhar
[2022-01-12 09:32:35] =>  Procurando herois para trabalhar
[2022-01-12 09:32:45] =>  ALL heroes sent to work
[2022-01-12 09:32:50] =>  Checando se o jogo se desconectou
[2022-01-12 09:33:22] =>  Procurando herois para trabalhar
[2022-01-12 09:33:29] =>  1 Barras verdes detectadas
[2022-01-12 09:33:29] =>  0 Botoes detectados
[2022-01-12 09:34:24] =>  Procurando herois para trabalhar
[2022-01-12 09:34:32] =>  1 Barras verdes detectadas
[2022-01-12 09:34:32] =>  5 Botoes detectados
[2022-01-12 09:34:32] =>  1 Botoes com barra verde detectados
[2022-01-12 09:34:32] =>  Clicando em 1 herois
[2022-01-12 09:34:39] =>  1 Barras verdes detectadas
[2022-01-12 09:34:39] =>  5 Botoes detectados
[2022-01-12 09:34:39] =>  1 Botoes com barra verde detectados
[2022-01-12 09:34:39] =>  Clicando em 1 herois
[2022-01-12 09:34:45] =>  1 Barras verdes detectadas
[2022-01-12 09:34:46] =>  4 Botoes detectados
[2022-01-12 09:34:46] =>  1 Botoes com barra verde detectados
[2022-01-12 09:34:46] =>  Clicando em 1 herois
[2022-01-12 09:34:52] =>  0 Herois enviado para o trabalho
[2022-01-12 09:34:56] =>  Checando se o jogo se desconectou
[2022-01-12 09:39:28] =>  Procurando herois para trabalhar
[2022-01-12 09:39:50] =>  Procurando herois para trabalhar
[2022-01-12 09:39:55] =>  1 Barras verdes detectadas
[2022-01-12 09:39:56] =>  2 Botoes detectados
[2022-01-12 09:40:01] =>  0 Barras verdes detectadas
[2022-01-12 09:40:01] =>  5 Botoes detectados
[2022-01-12 09:40:06] =>  0 Barras verdes detectadas
[2022-01-12 09:40:06] =>  5 Botoes detectados
[2022-01-12 09:40:11] =>  0 Herois enviado para o trabalho
[2022-01-12 09:40:15] =>  Checando se o jogo se desconectou
[2022-01-12 09:43:03] =>  Procurando herois para trabalhar
[2022-01-12 09:43:11] =>  0 Barras verdes detectadas
[2022-01-12 09:43:12] =>  2 Botoes detectados
[2022-01-12 09:43:17] =>  0 Barras verdes detectadas
[2022-01-12 09:43:17] =>  5 Botoes detectados
[2022-01-12 09:43:22] =>  0 Barras verdes detectadas
[2022-01-12 09:43:22] =>  5 Botoes detectados
[2022-01-12 09:43:27] =>  0 Herois enviado para o trabalho
[2022-01-12 09:43:31] =>  Checando se o jogo se desconectou
[2022-01-12 09:49:19] =>  Procurando herois para trabalhar
[2022-01-12 09:49:27] =>  0 Barras verdes detectadas
[2022-01-12 09:49:27] =>  2 Botoes detectados
[2022-01-12 09:50:07] =>  Procurando herois para trabalhar
[2022-01-12 09:50:15] =>  0 Barras verdes detectadas
[2022-01-12 09:50:15] =>  2 Botoes detectados
[2022-01-12 09:50:52] =>  Procurando herois para trabalhar
[2022-01-12 09:51:02] =>  0 Barras verdes detectadas
[2022-01-12 09:51:03] =>  2 Botoes detectados
[2022-01-12 09:51:08] =>  0 Barras verdes detectadas
[2022-01-12 09:51:08] =>  5 Botoes detectados
[2022-01-12 09:51:13] =>  0 Barras verdes detectadas
[2022-01-12 09:51:13] =>  5 Botoes detectados
[2022-01-12 09:51:18] =>  0 Herois enviado para o trabalho
[2022-01-12 09:51:22] =>  Checando se o jogo se desconectou
[2022-01-12 09:55:00] =>  Procurando herois para trabalhar
[2022-01-12 09:55:07] =>  0 Barras verdes detectadas
[2022-01-12 09:55:07] =>  3 Botoes detectados
[2022-01-12 09:55:12] =>  0 Barras verdes detectadas
[2022-01-12 09:55:12] =>  5 Botoes detectados
[2022-01-12 09:55:17] =>  0 Barras verdes detectadas
[2022-01-12 09:55:17] =>  4 Botoes detectados
[2022-01-12 09:55:22] =>  2 Barras verdes detectadas
[2022-01-12 09:55:22] =>  4 Botoes detectados
[2022-01-12 09:55:22] =>  2 Botoes com barra verde detectados
[2022-01-12 09:55:22] =>  Clicando em 2 herois
[2022-01-12 09:55:31] =>  0 Barras verdes detectadas
[2022-01-12 09:55:31] =>  5 Botoes detectados
[2022-01-12 09:55:36] =>  2 Herois enviado para o trabalho
[2022-01-12 09:55:39] =>  Checando se o jogo se desconectou
[2022-01-13 15:08:38] =>  Procurando her贸is para trabalhar
[2022-01-13 15:08:46] =>  0 Barras verdes detectadas
[2022-01-13 15:08:46] =>  0 Botoes detectados
[2022-01-13 15:15:15] =>  Checando se o jogo se desconectou
[2022-01-13 15:15:29] =>  Checando se o jogo se desconectou
[2022-01-13 15:18:03] =>  Checando se o jogo se desconectou
[2022-01-13 15:20:34] =>  Checando se o jogo se desconectou
[2022-01-13 15:24:59] =>  Checando se o jogo se desconectou
[2022-01-13 15:25:01] =>  Bot茫o de conex茫o da carteira encontrado, logando!
[2022-01-13 15:25:16] =>  Procurando her贸is para trabalhar
[2022-01-13 15:25:23] =>  1 Barras verdes detectadas
[2022-01-13 15:25:23] =>  4 Botoes detectados
[2022-01-13 15:25:23] =>  1 Botoes com barra verde detectados
[2022-01-13 15:25:23] =>  Clicando em 1 her贸is
[2022-01-13 15:25:29] =>  0 Barras verdes detectadas
[2022-01-13 15:25:29] =>  5 Botoes detectados
[2022-01-13 15:25:35] =>  0 Barras verdes detectadas
[2022-01-13 15:25:35] =>  4 Botoes detectados
[2022-01-13 15:25:40] =>  0 Barras verdes detectadas
[2022-01-13 15:25:40] =>  4 Botoes detectados
[2022-01-13 15:25:45] =>  1 Barras verdes detectadas
[2022-01-13 15:25:45] =>  5 Botoes detectados
[2022-01-13 15:25:45] =>  1 Botoes com barra verde detectados
[2022-01-13 15:25:45] =>  Clicando em 1 her贸is
[2022-01-13 15:25:52] =>  2 Her贸is enviados para o trabalho
[2022-01-13 15:25:58] =>  Atualizando posi莽茫o dos her贸is
[2022-01-13 15:26:02] => Consultando seu saldo
[2022-01-13 15:26:24] =>  Checando se o jogo se desconectou
[2022-01-13 15:26:26] =>  Bot茫o de conex茫o da carteira encontrado, logando!
[2022-01-13 15:27:06] =>  Procurando her贸is para trabalhar
[2022-01-13 15:27:16] =>  0 Barras verdes detectadas
[2022-01-13 15:27:16] =>  0 Botoes detectados
[2022-01-13 15:27:18] =>  0 Barras verdes detectadas
[2022-01-13 15:27:18] =>  0 Botoes detectados
[2022-01-13 15:27:21] =>  0 Barras verdes detectadas
[2022-01-13 15:27:21] =>  0 Botoes detectados
[2022-01-13 15:27:23] =>  0 Barras verdes detectadas
[2022-01-13 15:27:23] =>  0 Botoes detectados
[2022-01-13 15:27:25] =>  0 Barras verdes detectadas
[2022-01-13 15:27:26] =>  0 Botoes detectados
[2022-01-13 15:27:28] =>  2 Her贸is enviados para o trabalho
[2022-01-13 15:27:37] =>  Atualizando posi莽茫o dos her贸is
[2022-01-13 15:27:43] => Consultando seu saldo
[2022-01-13 15:28:40] => Saldo n茫o encontrado.
[2022-01-13 15:29:43] =>  Checando se o jogo se desconectou
[2022-01-13 15:30:28] =>  Procurando her贸is para trabalhar
[2022-01-13 15:30:35] =>  0 Barras verdes detectadas
[2022-01-13 15:30:35] =>  2 Botoes detectados
[2022-01-13 15:30:40] =>  1 Barras verdes detectadas
[2022-01-13 15:30:40] =>  5 Botoes detectados
[2022-01-13 15:30:40] =>  1 Botoes com barra verde detectados
[2022-01-13 15:30:40] =>  Clicando em 1 her贸is
[2022-01-13 15:30:47] =>  0 Barras verdes detectadas
[2022-01-13 15:30:47] =>  5 Botoes detectados
[2022-01-13 15:30:52] =>  1 Barras verdes detectadas
[2022-01-13 15:30:52] =>  5 Botoes detectados
[2022-01-13 15:30:52] =>  1 Botoes com barra verde detectados
[2022-01-13 15:30:52] =>  Clicando em 1 her贸is
[2022-01-13 15:30:59] =>  0 Barras verdes detectadas
[2022-01-13 15:30:59] =>  5 Botoes detectados
[2022-01-13 15:31:04] =>  2 Her贸is enviados para o trabalho
[2022-01-13 15:31:11] =>  Atualizando posi莽茫o dos her贸is
[2022-01-13 15:31:15] => Consultando seu saldo
[2022-01-13 15:31:37] =>  Checando se o jogo se desconectou
[2022-01-13 15:31:39] =>  Bot茫o de conex茫o da carteira encontrado, logando!
[2022-01-13 15:32:14] =>  Procurando her贸is para trabalhar
[2022-01-13 15:34:17] =>  Checando se o jogo se desconectou
[2022-01-13 15:34:18] =>  Bot茫o de conex茫o da carteira encontrado, logando!
[2022-01-13 15:34:35] =>  Procurando her贸is para trabalhar
[2022-01-13 15:34:43] =>  1 Barras verdes detectadas
[2022-01-13 15:34:43] =>  3 Botoes detectados
[2022-01-13 15:34:43] =>  1 Botoes com barra verde detectados
[2022-01-13 15:34:43] =>  Clicando em 1 her贸is
[2022-01-13 15:34:50] =>  0 Barras verdes detectadas
[2022-01-13 15:34:50] =>  5 Botoes detectados
[2022-01-13 15:34:55] =>  2 Barras verdes detectadas
[2022-01-13 15:34:55] =>  5 Botoes detectados
[2022-01-13 15:34:55] =>  2 Botoes com barra verde detectados
[2022-01-13 15:34:55] =>  Clicando em 2 her贸is
[2022-01-13 15:35:03] =>  1 Barras verdes detectadas
[2022-01-13 15:35:03] =>  5 Botoes detectados
[2022-01-13 15:35:03] =>  1 Botoes com barra verde detectados
[2022-01-13 15:35:03] =>  Clicando em 1 her贸is
[2022-01-13 15:35:10] =>  0 Barras verdes detectadas
[2022-01-13 15:35:10] =>  5 Botoes detectados
[2022-01-13 15:35:15] =>  4 Her贸is enviados para o trabalho
[2022-01-13 15:35:22] =>  Atualizando posi莽茫o dos her贸is
[2022-01-13 15:35:26] => Consultando seu saldo
[2022-01-13 15:35:48] =>  Checando se o jogo se desconectou
[2022-01-13 15:43:08] =>  Procurando her贸is para trabalhar
[2022-01-13 15:43:14] =>  1 Barras verdes detectadas
[2022-01-13 15:43:15] =>  3 Botoes detectados
[2022-01-13 15:43:15] =>  1 Botoes com barra verde detectados
[2022-01-13 15:43:15] =>  Clicando em 1 her贸is
[2022-01-13 15:43:21] =>  1 Barras verdes detectadas
[2022-01-13 15:43:21] =>  5 Botoes detectados
[2022-01-13 15:43:21] =>  1 Botoes com barra verde detectados
[2022-01-13 15:43:21] =>  Clicando em 1 her贸is
[2022-01-13 15:43:28] =>  1 Barras verdes detectadas
[2022-01-13 15:43:28] =>  4 Botoes detectados
[2022-01-13 15:43:28] =>  1 Botoes com barra verde detectados
[2022-01-13 15:43:28] =>  Clicando em 1 her贸is
[2022-01-13 15:43:35] =>  0 Barras verdes detectadas
[2022-01-13 15:43:35] =>  4 Botoes detectados
[2022-01-13 15:43:40] =>  0 Barras verdes detectadas
[2022-01-13 15:43:40] =>  5 Botoes detectados
[2022-01-13 15:43:45] =>  3 Her贸is enviados para o trabalho
[2022-01-13 15:43:49] =>  Checando se o jogo se desconectou
[2022-01-13 15:44:39] =>  Atualizando posi莽茫o dos her贸is
[2022-01-13 15:44:43] => Consultando seu saldo
[2022-01-13 15:45:05] =>  Procurando her贸is para trabalhar
[2022-01-13 15:45:13] =>  0 Barras verdes detectadas
[2022-01-13 15:45:13] =>  0 Botoes detectados
[2022-01-13 15:45:46] =>  Procurando her贸is para trabalhar
[2022-01-13 15:45:56] =>  0 Barras verdes detectadas
[2022-01-13 15:45:56] =>  0 Botoes detectados
[2022-01-13 15:45:58] =>  0 Barras verdes detectadas
[2022-01-13 15:45:58] =>  0 Botoes detectados
[2022-01-13 15:46:00] =>  0 Barras verdes detectadas
[2022-01-13 15:46:01] =>  0 Botoes detectados
[2022-01-13 15:46:03] =>  0 Barras verdes detectadas
[2022-01-13 15:46:03] =>  0 Botoes detectados
[2022-01-13 15:46:05] =>  0 Barras verdes detectadas
[2022-01-13 15:46:05] =>  0 Botoes detectados
[2022-01-13 15:46:08] =>  0 Her贸is enviados para o trabalho
[2022-01-13 15:46:14] =>  Checando se o jogo se desconectou
[2022-01-13 15:46:16] =>  Bot茫o de conex茫o da carteira encontrado, logando!
[2022-01-13 15:46:37] =>  Atualizando posi莽茫o dos her贸is
[2022-01-13 15:46:41] => Consultando seu saldo
[2022-01-13 15:46:58] =>  Procurando her贸is para trabalhar
[2022-01-13 15:50:44] =>  Procurando her贸is para trabalhar
[2022-01-13 15:50:54] =>  0 Barras verdes detectadas
[2022-01-13 15:50:54] =>  0 Botoes detectados
[2022-01-13 15:50:57] =>  0 Barras verdes detectadas
[2022-01-13 15:50:57] =>  0 Botoes detectados
[2022-01-13 15:50:59] =>  0 Barras verdes detectadas
[2022-01-13 15:50:59] =>  0 Botoes detectados
[2022-01-13 15:51:01] =>  0 Barras verdes detectadas
[2022-01-13 15:51:02] =>  0 Botoes detectados
[2022-01-13 15:51:04] =>  0 Barras verdes detectadas
[2022-01-13 15:51:04] =>  0 Botoes detectados
[2022-01-13 15:51:06] =>  0 Her贸is enviados para o trabalho
[2022-01-13 15:51:12] =>  Checando se o jogo se desconectou
[2022-01-13 15:51:14] =>  Bot茫o de conex茫o da carteira encontrado, logando!
[2022-01-13 15:51:35] =>  Atualizando posi莽茫o dos her贸is
[2022-01-13 15:51:39] => Consultando seu saldo
[2022-01-13 15:53:36] =>  Procurando her贸is para trabalhar
[2022-01-13 15:53:45] =>  0 Barras verdes detectadas
[2022-01-13 15:53:45] =>  0 Botoes detectados
[2022-01-13 15:53:48] =>  0 Barras verdes detectadas
[2022-01-13 15:53:48] =>  0 Botoes detectados
[2022-01-13 15:53:50] =>  0 Barras verdes detectadas
[2022-01-13 15:53:50] =>  0 Botoes detectados
[2022-01-13 15:53:52] =>  0 Barras verdes detectadas
[2022-01-13 15:53:53] =>  0 Botoes detectados
[2022-01-13 15:53:55] =>  0 Barras verdes detectadas
[2022-01-13 15:53:55] =>  0 Botoes detectados
[2022-01-13 15:53:57] =>  0 Her贸is enviados para o trabalho
[2022-01-13 15:54:03] =>  Checando se o jogo se desconectou
[2022-01-13 15:54:05] =>  Bot茫o de conex茫o da carteira encontrado, logando!
[2022-01-13 15:54:29] =>  Atualizando posi莽茫o dos her贸is
[2022-01-13 15:54:33] => Consultando seu saldo
[2022-01-13 15:55:36] =>  Procurando her贸is para trabalhar
[2022-01-13 15:55:47] =>  0 Barras verdes detectadas
[2022-01-13 15:55:47] =>  0 Botoes detectados
[2022-01-13 15:55:49] =>  0 Barras verdes detectadas
[2022-01-13 15:55:49] =>  0 Botoes detectados
[2022-01-13 15:55:51] =>  0 Barras verdes detectadas
[2022-01-13 15:55:52] =>  0 Botoes detectados
[2022-01-13 15:55:54] =>  0 Barras verdes detectadas
[2022-01-13 15:55:54] =>  0 Botoes detectados
[2022-01-13 15:55:56] =>  0 Barras verdes detectadas
[2022-01-13 15:55:56] =>  0 Botoes detectados
[2022-01-13 15:55:59] =>  0 Her贸is enviados para o trabalho
[2022-01-13 15:56:05] =>  Checando se o jogo se desconectou
[2022-01-13 15:56:07] =>  Bot茫o de conex茫o da carteira encontrado, logando!
[2022-01-13 15:56:25] =>  Procurando her贸is para trabalhar
[2022-01-13 15:56:32] =>  0 Barras verdes detectadas
[2022-01-13 15:56:32] =>  5 Botoes detectados
[2022-01-13 15:56:37] =>  1 Barras verdes detectadas
[2022-01-13 15:56:37] =>  5 Botoes detectados
[2022-01-13 15:56:37] =>  1 Botoes com barra verde detectados
[2022-01-13 15:56:37] =>  Clicando em 1 her贸is
[2022-01-13 15:56:44] =>  0 Barras verdes detectadas
[2022-01-13 15:56:44] =>  4 Botoes detectados
[2022-01-13 15:56:49] =>  1 Barras verdes detectadas
[2022-01-13 15:56:49] =>  4 Botoes detectados
[2022-01-13 15:56:49] =>  1 Botoes com barra verde detectados
[2022-01-13 15:56:49] =>  Clicando em 1 her贸is
[2022-01-13 15:56:56] =>  0 Barras verdes detectadas
[2022-01-13 15:56:56] =>  5 Botoes detectados
[2022-01-13 15:57:01] =>  2 Her贸is enviados para o trabalho
[2022-01-13 15:57:11] =>  Atualizando posi莽茫o dos her贸is
[2022-01-13 15:57:15] => Consultando seu saldo
[2022-01-13 15:57:32] =>  Procurando her贸is para trabalhar
[2022-01-13 15:57:39] =>  4 Barras verdes detectadas
[2022-01-13 15:57:39] =>  0 Botoes detectados
[2022-01-13 15:57:44] =>  2 Barras verdes detectadas
[2022-01-13 15:57:44] =>  3 Botoes detectados
[2022-01-13 15:57:49] =>  1 Barras verdes detectadas
[2022-01-13 15:57:49] =>  4 Botoes detectados
[2022-01-13 15:57:49] =>  1 Botoes com barra verde detectados
[2022-01-13 15:57:49] =>  Clicando em 1 her贸is
[2022-01-13 15:57:56] =>  1 Barras verdes detectadas
[2022-01-13 15:57:56] =>  4 Botoes detectados
[2022-01-13 15:57:56] =>  1 Botoes com barra verde detectados
[2022-01-13 15:57:56] =>  Clicando em 1 her贸is
[2022-01-13 15:58:03] =>  0 Barras verdes detectadas
[2022-01-13 15:58:03] =>  5 Botoes detectados
[2022-01-13 15:58:08] =>  4 Her贸is enviados para o trabalho
[2022-01-13 15:58:12] =>  Checando se o jogo se desconectou
[2022-01-13 15:59:02] =>  Atualizando posi莽茫o dos her贸is
[2022-01-13 15:59:05] => Consultando seu saldo
[2022-01-13 16:07:32] =>  Procurando her贸is para trabalhar
[2022-01-13 16:07:41] =>  0 Barras verdes detectadas
[2022-01-13 16:07:41] =>  0 Botoes detectados
[2022-01-13 16:07:43] =>  0 Barras verdes detectadas
[2022-01-13 16:07:43] =>  0 Botoes detectados
[2022-01-13 16:07:46] =>  0 Barras verdes detectadas
[2022-01-13 16:07:46] =>  0 Botoes detectados
[2022-01-13 16:07:48] =>  0 Barras verdes detectadas
[2022-01-13 16:07:48] =>  0 Botoes detectados
[2022-01-13 16:07:50] =>  0 Barras verdes detectadas
[2022-01-13 16:07:51] =>  0 Botoes detectados
[2022-01-13 16:07:53] =>  0 Her贸is enviados para o trabalho
[2022-01-13 16:07:59] =>  Checando se o jogo se desconectou
[2022-01-13 16:08:01] =>  Bot茫o de conex茫o da carteira encontrado, logando!
[2022-01-13 16:08:17] =>  Procurando her贸is para trabalhar
[2022-01-13 16:08:26] =>  0 Barras verdes detectadas
[2022-01-13 16:08:26] =>  4 Botoes detectados
[2022-01-13 16:08:31] =>  0 Barras verdes detectadas
[2022-01-13 16:08:31] =>  5 Botoes detectados
[2022-01-13 16:08:36] =>  0 Barras verdes detectadas
[2022-01-13 16:08:37] =>  5 Botoes detectados
[2022-01-13 16:08:42] =>  0 Barras verdes detectadas
[2022-01-13 16:08:42] =>  5 Botoes detectados
[2022-01-13 16:08:47] =>  0 Barras verdes detectadas
[2022-01-13 16:08:47] =>  5 Botoes detectados
[2022-01-13 16:08:52] =>  0 Her贸is enviados para o trabalho
[2022-01-13 16:09:03] =>  Atualizando posi莽茫o dos her贸is
[2022-01-13 16:09:06] => Consultando seu saldo
[2022-01-13 16:09:28] =>  Procurando her贸is para trabalhar
[2022-01-13 16:09:35] =>  2 Barras verdes detectadas
[2022-01-13 16:09:35] =>  0 Botoes detectados
[2022-01-13 16:09:40] =>  2 Barras verdes detectadas
[2022-01-13 16:09:40] =>  1 Botoes detectados
[2022-01-13 16:09:45] =>  0 Barras verdes detectadas
[2022-01-13 16:09:46] =>  4 Botoes detectados
[2022-01-13 16:09:51] =>  0 Barras verdes detectadas
[2022-01-13 16:09:51] =>  4 Botoes detectados
[2022-01-13 16:09:56] =>  0 Barras verdes detectadas
[2022-01-13 16:09:56] =>  5 Botoes detectados
[2022-01-13 16:10:01] =>  0 Her贸is enviados para o trabalho
[2022-01-13 16:10:05] =>  Checando se o jogo se desconectou
[2022-01-13 16:10:33] =>  Atualizando posi莽茫o dos her贸is
[2022-01-13 16:10:37] => Consultando seu saldo
[2022-01-22 12:05:19] =>  Procurando her贸is para trabalhar
[2022-01-22 12:05:29] =>  0 Barras verdes detectadas
[2022-01-22 12:05:29] =>  0 Botoes detectados
[2022-01-22 12:05:32] =>  0 Barras verdes detectadas
[2022-01-22 12:05:33] =>  0 Botoes detectados
[2022-01-22 12:05:36] =>  0 Barras verdes detectadas
[2022-01-22 12:05:36] =>  0 Botoes detectados
[2022-01-22 12:05:39] =>  0 Barras verdes detectadas
[2022-01-22 12:05:39] =>  0 Botoes detectados
[2022-01-22 12:05:42] =>  0 Barras verdes detectadas
[2022-01-22 12:05:42] =>  0 Botoes detectados
[2022-01-22 12:05:44] =>  0 Her贸is enviados para o trabalho
[2022-01-22 12:05:53] =>  Atualizando o jogo
[2022-01-22 12:05:53] =>  Checando se o jogo se desconectou
[2022-01-22 12:06:13] =>  Atualizando posi莽茫o dos her贸is
[2022-01-22 12:06:19] => Consultando seu saldo
[2022-01-22 12:07:05] =>  Procurando her贸is para trabalhar
[2022-01-22 12:07:14] =>  0 Barras verdes detectadas
[2022-01-22 12:07:15] =>  0 Botoes detectados
[2022-01-22 12:07:18] =>  0 Barras verdes detectadas
[2022-01-22 12:07:18] =>  0 Botoes detectados
[2022-01-22 12:07:21] =>  0 Barras verdes detectadas
[2022-01-22 12:07:22] =>  0 Botoes detectados
[2022-01-22 12:07:24] =>  0 Barras verdes detectadas
[2022-01-22 12:07:25] =>  0 Botoes detectados
[2022-01-22 12:07:28] =>  0 Barras verdes detectadas
[2022-01-22 12:07:28] =>  0 Botoes detectados
[2022-01-22 12:07:31] =>  0 Her贸is enviados para o trabalho
[2022-01-22 12:07:39] =>  Atualizando o jogo
[2022-01-22 12:07:49] =>  Checando se o jogo se desconectou
[2022-01-22 12:07:56] =>  Bot茫o de conex茫o da carteira encontrado, logando!
[2022-01-22 12:08:12] =>  Procurando her贸is para trabalhar
[2022-01-22 12:08:23] =>  0 Barras verdes detectadas
[2022-01-22 12:08:23] =>  0 Botoes detectados
[2022-01-22 12:08:26] =>  0 Barras verdes detectadas
[2022-01-22 12:08:26] =>  0 Botoes detectados
[2022-01-22 12:08:29] =>  0 Barras verdes detectadas
[2022-01-22 12:08:29] =>  0 Botoes detectados
[2022-01-22 12:08:32] =>  0 Barras verdes detectadas
[2022-01-22 12:08:33] =>  0 Botoes detectados
[2022-01-22 12:08:35] =>  0 Barras verdes detectadas
[2022-01-22 12:08:36] =>  0 Botoes detectados
[2022-01-22 12:08:38] =>  0 Her贸is enviados para o trabalho
[2022-01-22 12:09:05] =>  Atualizando posi莽茫o dos her贸is
[2022-01-22 12:09:11] => Consultando seu saldo
[2022-01-22 12:10:11] => Saldo n茫o encontrado.
[2022-01-22 12:35:16] =>  Procurando her贸is para trabalhar
[2022-01-22 12:35:29] =>  Procurando her贸is para trabalhar
[2022-01-22 12:35:39] =>  0 Barras verdes detectadas
[2022-01-22 12:35:39] =>  0 Botoes detectados
[2022-01-22 12:35:42] =>  0 Barras verdes detectadas
[2022-01-22 12:35:42] =>  0 Botoes detectados
[2022-01-22 12:35:45] =>  0 Barras verdes detectadas
[2022-01-22 12:35:45] =>  0 Botoes detectados
[2022-01-22 12:35:48] =>  0 Barras verdes detectadas
[2022-01-22 12:35:48] =>  0 Botoes detectados
[2022-01-22 12:35:51] =>  0 Barras verdes detectadas
[2022-01-22 12:35:51] =>  0 Botoes detectados
[2022-01-22 12:35:54] =>  0 Her贸is enviados para o trabalho
[2022-01-22 12:36:00] =>  Checando se o jogo se desconectou
[2022-01-22 12:41:20] =>  Procurando her贸is para trabalhar
[2022-01-22 12:41:30] =>  0 Barras verdes detectadas
[2022-01-22 12:41:30] =>  0 Botoes detectados
[2022-01-22 12:41:33] =>  0 Barras verdes detectadas
[2022-01-22 12:41:33] =>  0 Botoes detectados
[2022-01-22 12:41:36] =>  0 Barras verdes detectadas
[2022-01-22 12:41:36] =>  0 Botoes detectados
[2022-01-22 12:41:39] =>  0 Barras verdes detectadas
[2022-01-22 12:41:39] =>  0 Botoes detectados
[2022-01-22 12:41:42] =>  0 Barras verdes detectadas
[2022-01-22 12:41:42] =>  0 Botoes detectados
[2022-01-22 12:41:44] =>  0 Her贸is enviados para o trabalho
[2022-01-22 12:41:50] =>  Checando se o jogo se desconectou
[2022-01-22 12:54:07] =>  Procurando her贸is para trabalhar
[2022-01-22 12:54:16] =>  0 Barras verdes detectadas
[2022-01-22 12:54:16] =>  0 Botoes detectados
[2022-01-22 12:54:19] =>  0 Barras verdes detectadas
[2022-01-22 12:54:20] =>  0 Botoes detectados
[2022-01-22 12:54:22] =>  0 Barras verdes detectadas
[2022-01-22 12:54:22] =>  0 Botoes detectados
[2022-01-22 12:54:25] =>  0 Barras verdes detectadas
[2022-01-22 12:54:26] =>  0 Botoes detectados
[2022-01-22 12:54:28] =>  0 Barras verdes detectadas
[2022-01-22 12:54:29] =>  0 Botoes detectados
[2022-01-22 12:54:31] =>  0 Her贸is enviados para o trabalho
[2022-01-22 12:54:37] =>  Checando se o jogo se desconectou
[2022-01-22 12:54:39] =>  Bot茫o de conex茫o da carteira encontrado, logando!
[2022-01-22 12:54:58] =>  Procurando her贸is para trabalhar
[2022-01-22 12:55:07] =>  0 Barras verdes detectadas
[2022-01-22 12:55:07] =>  0 Botoes detectados
[2022-01-22 12:55:10] =>  0 Barras verdes detectadas
[2022-01-22 12:55:11] =>  0 Botoes detectados
[2022-01-22 12:55:13] =>  0 Barras verdes detectadas
[2022-01-22 12:55:14] =>  0 Botoes detectados
[2022-01-22 12:55:17] =>  0 Barras verdes detectadas
[2022-01-22 12:55:17] =>  0 Botoes detectados
[2022-01-22 12:55:20] =>  0 Barras verdes detectadas
[2022-01-22 12:55:20] =>  0 Botoes detectados
[2022-01-22 12:55:22] =>  0 Her贸is enviados para o trabalho
[2022-01-22 12:55:35] =>  Atualizando posi莽茫o dos her贸is
[2022-01-22 12:56:56] =>  Procurando her贸is para trabalhar
[2022-01-22 12:57:03] =>  5 Barras verdes detectadas
[2022-01-22 12:57:03] =>  5 Botoes detectados
[2022-01-22 12:57:03] =>  5 Botoes com barra verde detectados
[2022-01-22 12:57:03] =>  Clicando em 5 her贸is
[2022-01-22 12:57:18] =>  4 Barras verdes detectadas
[2022-01-22 12:57:18] =>  3 Botoes detectados
[2022-01-22 12:57:18] =>  2 Botoes com barra verde detectados
[2022-01-22 12:57:18] =>  Clicando em 2 her贸is
[2022-01-22 12:57:27] =>  4 Barras verdes detectadas
[2022-01-22 12:57:28] =>  4 Botoes detectados
[2022-01-22 12:57:28] =>  3 Botoes com barra verde detectados
[2022-01-22 12:57:28] =>  Clicando em 3 her贸is
[2022-01-22 12:57:39] =>  4 Barras verdes detectadas
[2022-01-22 12:57:39] =>  4 Botoes detectados
[2022-01-22 12:57:39] =>  3 Botoes com barra verde detectados
[2022-01-22 12:57:39] =>  Clicando em 3 her贸is
[2022-01-22 12:57:51] =>  3 Barras verdes detectadas
[2022-01-22 12:57:51] =>  2 Botoes detectados
[2022-01-22 12:57:56] =>  13 Her贸is enviados para o trabalho
[2022-01-22 12:58:01] =>  Checando se o jogo se desconectou
[2022-01-22 12:58:22] =>  Atualizando posi莽茫o dos her贸is
[2022-01-22 12:58:26] => Consultando seu saldo
[2022-01-22 12:58:44] =>  Atualizando o jogo
[2022-01-22 12:58:44] =>  Checando se o jogo se desconectou
[2022-01-22 12:59:49] =>  Atualizando o jogo
[2022-01-22 12:59:49] =>  Checando se o jogo se desconectou
[2022-01-22 12:59:51] =>  Bot茫o de conex茫o da carteira encontrado, logando!
[2022-01-22 13:03:21] =>  Procurando her贸is para trabalhar
[2022-01-22 13:03:30] =>  0 Barras verdes detectadas
[2022-01-22 13:03:30] =>  0 Botoes detectados
[2022-01-22 13:03:33] =>  0 Barras verdes detectadas
[2022-01-22 13:03:33] =>  0 Botoes detectados
[2022-01-22 13:03:36] =>  0 Barras verdes detectadas
[2022-01-22 13:03:36] =>  0 Botoes detectados
[2022-01-22 13:03:39] =>  0 Barras verdes detectadas
[2022-01-22 13:03:39] =>  0 Botoes detectados
[2022-01-22 13:03:42] =>  0 Barras verdes detectadas
[2022-01-22 13:03:42] =>  0 Botoes detectados
[2022-01-22 13:03:45] =>  0 Her贸is enviados para o trabalho
[2022-01-22 13:03:51] =>  Checando se o jogo se desconectou
[2022-01-22 13:03:53] =>  Bot茫o de conex茫o da carteira encontrado, logando!
[2022-01-22 13:04:10] =>  Procurando her贸is para trabalhar
[2022-01-22 13:04:19] =>  0 Barras verdes detectadas
[2022-01-22 13:04:19] =>  0 Botoes detectados
[2022-01-22 13:04:22] =>  0 Barras verdes detectadas
[2022-01-22 13:04:22] =>  0 Botoes detectados
[2022-01-22 13:04:25] =>  0 Barras verdes detectadas
[2022-01-22 13:04:25] =>  0 Botoes detectados
[2022-01-22 13:04:28] =>  0 Barras verdes detectadas
[2022-01-22 13:04:28] =>  0 Botoes detectados
[2022-01-22 13:04:31] =>  0 Barras verdes detectadas
[2022-01-22 13:04:31] =>  0 Botoes detectados
[2022-01-22 13:04:33] =>  0 Her贸is enviados para o trabalho
[2022-01-22 13:04:46] =>  Atualizando posi莽茫o dos her贸is
[2022-01-22 13:04:51] => Consultando seu saldo
[2022-01-22 13:05:08] =>  Checando se o jogo se desconectou
[2022-01-22 13:06:13] =>  Checando se o jogo se desconectou
[2022-01-22 13:17:58] =>  Procurando her贸is para trabalhar
[2022-01-22 13:18:06] => 锔 Enviando todos her贸is para o trabalho
[2022-01-22 13:18:09] =>  ALL heroes sent to work
[2022-01-22 13:18:16] =>  Checando se o jogo se desconectou
[2022-01-22 13:18:37] =>  Atualizando posi莽茫o dos her贸is
[2022-01-22 13:18:41] => Consultando seu saldo
[2022-01-22 13:18:59] =>  Atualizando o jogo
[2022-01-22 13:18:59] =>  Colocando her贸is para descansar
[2022-01-22 13:19:11] =>  Checando se o jogo se desconectou
[2022-01-22 13:20:03] =>  Atualizando o jogo
[2022-01-22 13:20:03] =>  Colocando her贸is para descansar
[2022-01-22 13:20:14] =>  Checando se o jogo se desconectou
[2022-01-22 13:20:16] =>  Bot茫o de conex茫o da carteira encontrado, logando!
[2022-01-22 13:22:55] =>  Procurando her贸is para trabalhar
[2022-01-22 13:23:03] => 锔 Enviando her贸is com a energia verde para o trabalho
[2022-01-22 13:23:04] =>  0 Barras verdes detectadas
[2022-01-22 13:23:04] =>  0 Botoes detectados
[2022-01-22 13:23:07] =>  0 Barras verdes detectadas
[2022-01-22 13:23:07] =>  0 Botoes detectados
[2022-01-22 13:23:10] =>  0 Barras verdes detectadas
[2022-01-22 13:23:10] =>  0 Botoes detectados
[2022-01-22 13:23:13] =>  0 Barras verdes detectadas
[2022-01-22 13:23:13] =>  0 Botoes detectados
[2022-01-22 13:23:16] =>  0 Barras verdes detectadas
[2022-01-22 13:23:16] =>  0 Botoes detectados
[2022-01-22 13:23:18] =>  0 Her贸is enviados para o trabalho
[2022-01-22 13:23:25] =>  Checando se o jogo se desconectou
[2022-01-22 13:23:27] =>  Bot茫o de conex茫o da carteira encontrado, logando!
[2022-01-22 13:23:45] =>  Procurando her贸is para trabalhar
[2022-01-22 13:23:55] => 锔 Enviando her贸is com a energia verde para o trabalho
[2022-01-22 13:23:56] =>  5 Barras verdes detectadas
[2022-01-22 13:23:56] =>  5 Botoes detectados
[2022-01-22 13:23:56] =>  5 Botoes com barra verde detectados
[2022-01-22 13:23:56] =>  Clicando em 5 her贸is
[2022-01-22 13:24:11] =>  4 Barras verdes detectadas
[2022-01-22 13:24:12] =>  3 Botoes detectados
[2022-01-22 13:24:12] =>  2 Botoes com barra verde detectados
[2022-01-22 13:24:12] =>  Clicando em 2 her贸is
[2022-01-22 13:24:21] =>  4 Barras verdes detectadas
[2022-01-22 13:24:21] =>  4 Botoes detectados
[2022-01-22 13:24:21] =>  3 Botoes com barra verde detectados
[2022-01-22 13:24:21] =>  Clicando em 3 her贸is
[2022-01-22 13:24:33] =>  4 Barras verdes detectadas
[2022-01-22 13:24:33] =>  4 Botoes detectados
[2022-01-22 13:24:33] =>  3 Botoes com barra verde detectados
[2022-01-22 13:24:33] =>  Clicando em 3 her贸is
[2022-01-22 13:24:44] =>  3 Barras verdes detectadas
[2022-01-22 13:24:45] =>  2 Botoes detectados
[2022-01-22 13:24:50] =>  13 Her贸is enviados para o trabalho
[2022-01-22 13:25:02] =>  Atualizando posi莽茫o dos her贸is
[2022-01-22 13:25:07] => Consultando seu saldo
[2022-01-22 13:25:25] =>  Checando se o jogo se desconectou
